TN:
SF:/Users/wanglei/platform/workspace/vue-validator/src/util.js
FN:1,(anonymous_0)
FN:3,isRegExp
FN:7,isString
FN:11,isArray
FN:15,isFunction
FN:19,isNumber
FN:23,isObject
FN:28,isEmpty
FNF:8
FNH:8
FNDA:85,(anonymous_0)
FNDA:2,isRegExp
FNDA:26,isString
FNDA:28,isArray
FNDA:5,isFunction
FNDA:24,isNumber
FNDA:142,isObject
FNDA:27,isEmpty
DA:1,85
DA:4,2
DA:8,26
DA:12,28
DA:16,5
DA:20,24
DA:24,142
DA:25,142
DA:29,27
DA:30,27
DA:31,8
LF:11
LH:11
BRDA:25,0,0,142
BRDA:25,0,1,142
BRDA:29,1,0,0
BRDA:29,1,1,27
BRDA:30,2,0,19
BRDA:30,2,1,8
BRF:6
BRH:5
end_of_record
TN:
SF:/Users/wanglei/platform/workspace/vue-validator/src/buildinRule.js
FN:4,addValidation
FN:9,(anonymous_1)
FN:14,(anonymous_2)
FN:19,(anonymous_3)
FN:24,(anonymous_4)
FNF:5
FNH:5
FNDA:4,addValidation
FNDA:2,(anonymous_1)
FNDA:2,(anonymous_2)
FNDA:2,(anonymous_3)
FNDA:2,(anonymous_4)
DA:1,1
DA:5,4
DA:9,1
DA:10,2
DA:14,1
DA:15,2
DA:19,1
DA:20,2
DA:24,1
DA:25,2
DA:26,2
DA:72,2
DA:74,2
DA:75,2
DA:76,0
DA:78,0
DA:80,0
DA:82,0
DA:83,0
DA:84,0
DA:87,0
DA:89,0
DA:90,0
DA:93,2
LF:24
LH:15
BRDA:74,0,0,2
BRDA:74,0,1,0
BRDA:74,1,0,2
BRDA:74,1,1,0
BRDA:76,2,0,0
BRDA:76,2,1,0
BRDA:89,3,0,0
BRDA:89,3,1,0
BRF:8
BRH:2
end_of_record
TN:
SF:/Users/wanglei/platform/workspace/vue-validator/src/config.js
FN:5,disposeMessages
FN:8,(anonymous_1)
FNF:2
FNH:2
FNDA:1,disposeMessages
FNDA:5,(anonymous_1)
DA:3,1
DA:6,1
DA:7,1
DA:8,1
DA:9,5
LF:5
LH:5
BRDA:6,0,0,0
BRDA:6,0,1,1
BRF:2
BRH:1
end_of_record
TN:
SF:/Users/wanglei/platform/workspace/vue-validator/src/validate.js
FN:21,validate
FN:22,(anonymous_1)
FN:30,(anonymous_2)
FN:50,(anonymous_3)
FN:52,(anonymous_4)
FN:64,verify
FN:75,(anonymous_6)
FN:112,(anonymous_7)
FNF:8
FNH:8
FNDA:27,validate
FNDA:27,(anonymous_1)
FNDA:25,(anonymous_2)
FNDA:26,(anonymous_3)
FNDA:3,(anonymous_4)
FNDA:26,verify
FNDA:26,(anonymous_6)
FNDA:2,(anonymous_7)
DA:22,27
DA:28,27
DA:30,27
DA:31,25
DA:34,27
DA:36,27
DA:37,3
DA:41,24
DA:42,24
DA:43,19
DA:44,17
DA:47,5
DA:50,26
DA:52,24
DA:53,3
DA:54,1
DA:55,1
DA:59,2
DA:73,26
DA:75,26
DA:76,26
DA:77,24
DA:79,5
DA:80,5
DA:81,1
DA:84,4
DA:85,1
DA:88,3
DA:89,2
DA:92,1
DA:93,1
DA:95,6
DA:96,1
DA:98,5
DA:99,1
DA:101,4
DA:102,1
DA:104,3
DA:105,2
DA:108,1
DA:109,1
DA:111,2
DA:112,2
DA:113,2
DA:116,2
DA:118,3
DA:119,2
DA:122,1
DA:123,1
DA:125,8
DA:126,8
DA:127,8
DA:128,7
DA:132,1
DA:133,1
DA:135,2
DA:136,2
DA:137,2
DA:140,0
LF:59
LH:58
BRDA:24,0,0,3
BRDA:31,1,0,25
BRDA:31,1,1,1
BRDA:36,2,0,3
BRDA:36,2,1,24
BRDA:36,3,0,27
BRDA:36,3,1,7
BRDA:42,4,0,19
BRDA:42,4,1,5
BRDA:43,5,0,17
BRDA:43,5,1,2
BRDA:53,6,0,1
BRDA:53,6,1,2
BRDA:54,7,0,1
BRDA:54,7,1,0
BRDA:76,8,0,24
BRDA:76,8,1,2
BRDA:77,9,0,5
BRDA:77,9,1,6
BRDA:77,9,2,2
BRDA:77,9,3,3
BRDA:77,9,4,8
BRDA:80,10,0,1
BRDA:80,10,1,4
BRDA:80,11,0,5
BRDA:80,11,1,5
BRDA:84,12,0,1
BRDA:84,12,1,3
BRDA:84,13,0,4
BRDA:84,13,1,4
BRDA:88,14,0,2
BRDA:88,14,1,1
BRDA:88,15,0,3
BRDA:88,15,1,3
BRDA:88,15,2,2
BRDA:95,16,0,1
BRDA:95,16,1,5
BRDA:98,17,0,1
BRDA:98,17,1,4
BRDA:98,18,0,5
BRDA:98,18,1,5
BRDA:101,19,0,1
BRDA:101,19,1,3
BRDA:101,20,0,4
BRDA:101,20,1,4
BRDA:104,21,0,2
BRDA:104,21,1,1
BRDA:104,22,0,3
BRDA:104,22,1,3
BRDA:104,22,2,2
BRDA:111,23,0,2
BRDA:111,23,1,0
BRDA:113,24,0,0
BRDA:113,24,1,2
BRDA:118,25,0,2
BRDA:118,25,1,1
BRDA:118,26,0,3
BRDA:118,26,1,3
BRDA:125,27,0,8
BRDA:125,27,1,0
BRDA:127,28,0,7
BRDA:127,28,1,1
BRDA:135,29,0,2
BRDA:135,29,1,0
BRDA:136,30,0,2
BRDA:136,30,1,0
BRF:66
BRH:60
end_of_record
TN:
SF:/Users/wanglei/platform/workspace/vue-validator/src/index.js
FN:8,(anonymous_0)
FN:33,(anonymous_1)
FN:67,(anonymous_2)
FN:88,(anonymous_3)
FN:103,(anonymous_4)
FN:106,(anonymous_5)
FN:112,(anonymous_6)
FN:118,(anonymous_7)
FN:119,(anonymous_8)
FN:130,(anonymous_9)
FN:137,(anonymous_10)
FN:138,(anonymous_11)
FN:144,(anonymous_12)
FN:144,(anonymous_13)
FN:149,(anonymous_14)
FN:153,(anonymous_15)
FN:170,autoHint
FN:179,before
FNF:18
FNH:14
FNDA:1,(anonymous_0)
FNDA:8,(anonymous_1)
FNDA:27,(anonymous_2)
FNDA:160,(anonymous_3)
FNDA:2,(anonymous_4)
FNDA:17,(anonymous_5)
FNDA:0,(anonymous_6)
FNDA:0,(anonymous_7)
FNDA:0,(anonymous_8)
FNDA:1,(anonymous_9)
FNDA:1,(anonymous_10)
FNDA:1,(anonymous_11)
FNDA:8,(anonymous_12)
FNDA:8,(anonymous_13)
FNDA:0,(anonymous_14)
FNDA:8,(anonymous_15)
FNDA:8,autoHint
FNDA:8,before
DA:6,1
DA:8,1
DA:9,1
DA:11,1
DA:14,1
DA:16,1
DA:18,1
DA:21,1
DA:24,1
DA:26,1
DA:32,1
DA:34,8
DA:35,8
DA:36,8
DA:37,8
DA:43,8
DA:45,8
DA:46,8
DA:48,8
DA:49,7
DA:51,8
DA:54,8
DA:68,27
DA:71,27
DA:72,27
DA:73,25
DA:74,25
DA:76,2
DA:77,2
DA:83,8
DA:84,8
DA:85,8
DA:89,160
DA:90,160
DA:92,160
DA:93,160
DA:94,160
DA:95,160
DA:97,160
DA:100,19
DA:102,19
DA:103,19
DA:104,2
DA:105,2
DA:107,17
DA:108,17
DA:113,0
DA:118,1
DA:119,0
DA:120,0
DA:121,0
DA:123,0
DA:130,1
DA:131,1
DA:132,1
DA:137,1
DA:138,1
DA:139,1
DA:140,0
DA:143,1
DA:144,8
DA:145,8
DA:147,8
DA:148,8
DA:149,8
DA:150,0
DA:151,0
DA:152,0
DA:154,8
DA:155,8
DA:156,8
DA:159,0
DA:163,1
DA:171,8
DA:172,8
DA:173,8
DA:174,8
DA:175,8
DA:176,8
DA:180,8
DA:183,1
LF:81
LH:71
BRDA:8,0,0,0
BRDA:9,1,0,1
BRDA:9,1,1,0
BRDA:14,2,0,0
BRDA:35,3,0,8
BRDA:35,3,1,1
BRDA:45,4,0,8
BRDA:45,4,1,0
BRDA:48,5,0,7
BRDA:48,5,1,1
BRDA:71,6,0,27
BRDA:71,6,1,0
BRDA:72,7,0,25
BRDA:72,7,1,2
BRDA:83,8,0,8
BRDA:83,8,1,0
BRDA:90,9,0,0
BRDA:90,9,1,160
BRDA:97,10,0,141
BRDA:97,10,1,19
BRDA:97,11,0,160
BRDA:97,11,1,141
BRDA:102,12,0,19
BRDA:102,12,1,0
BRDA:120,13,0,0
BRDA:120,13,1,0
BRDA:120,14,0,0
BRDA:120,14,1,0
BRDA:131,15,0,1
BRDA:131,15,1,0
BRDA:139,16,0,0
BRDA:139,16,1,1
BRDA:148,17,0,8
BRDA:148,17,1,0
BRF:34
BRH:19
end_of_record
