TN:
SF:/Users/wanglei/platform/workspace/vue-validator/src/util.js
FN:1,(anonymous_0)
FN:3,isRegExp
FN:7,isString
FN:11,isArray
FN:15,isFunction
FN:19,isNumber
FN:23,isObject
FN:28,isEmpty
FNF:8
FNH:8
FNDA:136,(anonymous_0)
FNDA:2,isRegExp
FNDA:35,isString
FNDA:31,isArray
FNDA:40,isFunction
FNDA:28,isNumber
FNDA:144,isObject
FNDA:30,isEmpty
DA:1,136
DA:4,2
DA:8,35
DA:12,31
DA:16,40
DA:20,28
DA:24,144
DA:25,144
DA:29,30
DA:30,30
DA:31,9
LF:11
LH:11
BRDA:25,0,0,144
BRDA:25,0,1,144
BRDA:29,1,0,0
BRDA:29,1,1,30
BRDA:30,2,0,21
BRDA:30,2,1,9
BRF:6
BRH:5
end_of_record
TN:
SF:/Users/wanglei/platform/workspace/vue-validator/src/buildinRule.js
FN:4,addValidation
FN:9,(anonymous_1)
FN:14,(anonymous_2)
FN:19,(anonymous_3)
FN:24,(anonymous_4)
FNF:5
FNH:5
FNDA:4,addValidation
FNDA:3,(anonymous_1)
FNDA:2,(anonymous_2)
FNDA:2,(anonymous_3)
FNDA:2,(anonymous_4)
DA:1,1
DA:5,4
DA:9,1
DA:10,3
DA:14,1
DA:15,2
DA:19,1
DA:20,2
DA:24,1
DA:25,2
DA:26,2
DA:72,2
DA:74,2
DA:75,2
DA:76,0
DA:78,0
DA:80,0
DA:82,0
DA:83,0
DA:84,0
DA:87,0
DA:89,0
DA:90,0
DA:93,2
LF:24
LH:15
BRDA:74,0,0,2
BRDA:74,0,1,0
BRDA:74,1,0,2
BRDA:74,1,1,0
BRDA:76,2,0,0
BRDA:76,2,1,0
BRDA:89,3,0,0
BRDA:89,3,1,0
BRF:8
BRH:2
end_of_record
TN:
SF:/Users/wanglei/platform/workspace/vue-validator/src/config.js
FN:5,disposeMessages
FN:8,(anonymous_1)
FNF:2
FNH:2
FNDA:1,disposeMessages
FNDA:5,(anonymous_1)
DA:3,1
DA:6,1
DA:7,1
DA:8,1
DA:9,5
LF:5
LH:5
BRDA:6,0,0,0
BRDA:6,0,1,1
BRF:2
BRH:1
end_of_record
TN:
SF:/Users/wanglei/platform/workspace/vue-validator/src/validate.js
FN:21,validate
FN:22,(anonymous_1)
FN:31,(anonymous_2)
FN:57,(anonymous_3)
FN:59,(anonymous_4)
FN:70,verify
FN:81,(anonymous_6)
FN:118,(anonymous_7)
FNF:8
FNH:8
FNDA:31,validate
FNDA:31,(anonymous_1)
FNDA:25,(anonymous_2)
FNDA:30,(anonymous_3)
FNDA:6,(anonymous_4)
FNDA:30,verify
FNDA:30,(anonymous_6)
FNDA:3,(anonymous_7)
DA:22,31
DA:29,31
DA:31,31
DA:32,25
DA:35,31
DA:37,31
DA:38,2
DA:39,1
DA:43,30
DA:44,3
DA:48,27
DA:49,27
DA:50,20
DA:51,17
DA:54,7
DA:57,30
DA:59,27
DA:60,6
DA:61,2
DA:62,2
DA:65,4
DA:79,30
DA:81,30
DA:82,30
DA:83,28
DA:85,7
DA:86,7
DA:87,1
DA:90,6
DA:91,1
DA:94,5
DA:95,2
DA:98,3
DA:99,3
DA:101,6
DA:102,1
DA:104,5
DA:105,1
DA:107,4
DA:108,1
DA:110,3
DA:111,2
DA:114,1
DA:115,1
DA:117,3
DA:118,3
DA:119,3
DA:122,3
DA:124,3
DA:125,2
DA:128,1
DA:129,1
DA:131,9
DA:132,9
DA:133,9
DA:134,7
DA:138,2
DA:139,2
DA:141,2
DA:142,2
DA:143,2
DA:146,0
LF:62
LH:61
BRDA:24,0,0,6
BRDA:32,1,0,25
BRDA:32,1,1,1
BRDA:37,2,0,2
BRDA:37,2,1,29
BRDA:38,3,0,1
BRDA:38,3,1,1
BRDA:43,4,0,3
BRDA:43,4,1,27
BRDA:43,5,0,30
BRDA:43,5,1,7
BRDA:49,6,0,20
BRDA:49,6,1,7
BRDA:50,7,0,17
BRDA:50,7,1,3
BRDA:60,8,0,2
BRDA:60,8,1,4
BRDA:62,9,0,1
BRDA:62,9,1,1
BRDA:62,10,0,0
BRDA:62,10,1,1
BRDA:82,11,0,28
BRDA:82,11,1,2
BRDA:83,12,0,7
BRDA:83,12,1,6
BRDA:83,12,2,3
BRDA:83,12,3,3
BRDA:83,12,4,9
BRDA:86,13,0,1
BRDA:86,13,1,6
BRDA:86,14,0,7
BRDA:86,14,1,5
BRDA:90,15,0,1
BRDA:90,15,1,5
BRDA:90,16,0,6
BRDA:90,16,1,4
BRDA:94,17,0,2
BRDA:94,17,1,3
BRDA:94,18,0,5
BRDA:94,18,1,3
BRDA:94,18,2,2
BRDA:101,19,0,1
BRDA:101,19,1,5
BRDA:104,20,0,1
BRDA:104,20,1,4
BRDA:104,21,0,5
BRDA:104,21,1,5
BRDA:107,22,0,1
BRDA:107,22,1,3
BRDA:107,23,0,4
BRDA:107,23,1,4
BRDA:110,24,0,2
BRDA:110,24,1,1
BRDA:110,25,0,3
BRDA:110,25,1,3
BRDA:110,25,2,2
BRDA:117,26,0,3
BRDA:117,26,1,0
BRDA:119,27,0,0
BRDA:119,27,1,3
BRDA:119,28,0,1
BRDA:119,28,1,2
BRDA:124,29,0,2
BRDA:124,29,1,1
BRDA:124,30,0,3
BRDA:124,30,1,3
BRDA:131,31,0,9
BRDA:131,31,1,0
BRDA:133,32,0,7
BRDA:133,32,1,2
BRDA:141,33,0,2
BRDA:141,33,1,0
BRDA:142,34,0,2
BRDA:142,34,1,0
BRF:74
BRH:68
end_of_record
TN:
SF:/Users/wanglei/platform/workspace/vue-validator/src/index.js
FN:8,(anonymous_0)
FN:35,(anonymous_1)
FN:69,(anonymous_2)
FN:90,(anonymous_3)
FN:105,(anonymous_4)
FN:108,(anonymous_5)
FN:114,(anonymous_6)
FN:120,(anonymous_7)
FN:121,(anonymous_8)
FN:125,(anonymous_9)
FN:134,(anonymous_10)
FN:141,(anonymous_11)
FN:142,(anonymous_12)
FN:148,(anonymous_13)
FN:148,(anonymous_14)
FN:153,(anonymous_15)
FN:157,(anonymous_16)
FN:167,(anonymous_17)
FN:174,autoHint
FN:183,before
FNF:20
FNH:20
FNDA:1,(anonymous_0)
FNDA:10,(anonymous_1)
FNDA:28,(anonymous_2)
FNDA:162,(anonymous_3)
FNDA:2,(anonymous_4)
FNDA:17,(anonymous_5)
FNDA:8,(anonymous_6)
FNDA:4,(anonymous_7)
FNDA:4,(anonymous_8)
FNDA:1,(anonymous_9)
FNDA:3,(anonymous_10)
FNDA:4,(anonymous_11)
FNDA:4,(anonymous_12)
FNDA:10,(anonymous_13)
FNDA:10,(anonymous_14)
FNDA:1,(anonymous_15)
FNDA:8,(anonymous_16)
FNDA:2,(anonymous_17)
FNDA:8,autoHint
FNDA:8,before
DA:6,1
DA:8,1
DA:9,1
DA:11,1
DA:14,1
DA:16,1
DA:18,1
DA:21,1
DA:23,1
DA:26,1
DA:28,4
DA:34,1
DA:36,10
DA:37,10
DA:38,10
DA:39,10
DA:45,10
DA:47,10
DA:48,10
DA:50,10
DA:51,9
DA:53,10
DA:56,10
DA:70,28
DA:73,28
DA:74,27
DA:75,25
DA:76,25
DA:78,2
DA:79,2
DA:85,10
DA:86,8
DA:87,8
DA:91,162
DA:92,162
DA:94,162
DA:95,162
DA:96,162
DA:97,162
DA:99,162
DA:102,19
DA:104,19
DA:105,19
DA:106,2
DA:107,2
DA:109,17
DA:110,17
DA:115,8
DA:120,1
DA:121,4
DA:122,4
DA:123,1
DA:125,3
DA:126,1
DA:134,1
DA:135,3
DA:136,3
DA:141,1
DA:142,4
DA:143,4
DA:144,1
DA:147,3
DA:148,10
DA:149,10
DA:151,10
DA:152,10
DA:153,9
DA:154,1
DA:155,1
DA:156,1
DA:158,8
DA:159,8
DA:160,8
DA:163,1
DA:167,3
DA:175,8
DA:176,8
DA:177,8
DA:178,8
DA:179,8
DA:180,8
DA:184,8
DA:187,1
LF:83
LH:83
BRDA:8,0,0,0
BRDA:9,1,0,1
BRDA:9,1,1,0
BRDA:14,2,0,0
BRDA:37,3,0,10
BRDA:37,3,1,3
BRDA:47,4,0,10
BRDA:47,4,1,0
BRDA:50,5,0,9
BRDA:50,5,1,1
BRDA:73,6,0,27
BRDA:73,6,1,1
BRDA:74,7,0,25
BRDA:74,7,1,2
BRDA:85,8,0,8
BRDA:85,8,1,2
BRDA:92,9,0,0
BRDA:92,9,1,162
BRDA:99,10,0,143
BRDA:99,10,1,19
BRDA:99,11,0,162
BRDA:99,11,1,143
BRDA:104,12,0,19
BRDA:104,12,1,0
BRDA:122,13,0,1
BRDA:122,13,1,3
BRDA:122,14,0,4
BRDA:122,14,1,4
BRDA:135,15,0,3
BRDA:135,15,1,0
BRDA:143,16,0,1
BRDA:143,16,1,3
BRDA:152,17,0,9
BRDA:152,17,1,1
BRF:34
BRH:27
end_of_record
